This file contains any messages produced by compilers while
running configure, to aid debugging if configure makes a mistake.

It was created by configure, which was
generated by GNU Autoconf 2.68.  Invocation command line was

  $ ./configure --prefix=/usr/local/mmseg3

## --------- ##
## Platform. ##
## --------- ##

hostname = data-center
uname -m = x86_64
uname -r = 3.2.0-100-generic
uname -s = Linux
uname -v = #140-Ubuntu SMP Tue Feb 23 02:23:59 UTC 2016

/usr/bin/uname -p = unknown
/bin/uname -X     = unknown

/bin/arch              = unknown
/usr/bin/arch -k       = unknown
/usr/convex/getsysinfo = unknown
/usr/bin/hostinfo      = unknown
/bin/machine           = unknown
/usr/bin/oslevel       = unknown
/bin/universe          = unknown

PATH: /usr/local/sbin
PATH: /usr/local/bin
PATH: /usr/sbin
PATH: /usr/bin
PATH: /sbin
PATH: /bin
PATH: /opt/chef/embedded/bin
PATH: /opt/chef/embedded/bin
PATH: /var/lib/gems/1.8/bin


## ----------- ##
## Core tests. ##
## ----------- ##

configure:2410: checking for a BSD-compatible install
configure:2478: result: /usr/bin/install -c
configure:2489: checking whether build environment is sane
configure:2539: result: yes
configure:2567: WARNING: `missing' script is too old or missing
configure:2680: checking for a thread-safe mkdir -p
configure:2719: result: /bin/mkdir -p
configure:2732: checking for gawk
configure:2748: found /usr/bin/gawk
configure:2759: result: gawk
configure:2770: checking whether make sets $(MAKE)
configure:2792: result: yes
configure:2932: checking for g++
configure:2948: found /usr/bin/g++
configure:2959: result: g++
configure:2986: checking for C++ compiler version
configure:2995: g++ --version >&5
g++ (Ubuntu/Linaro 4.6.3-1ubuntu5) 4.6.3
Copyright (C) 2011 Free Software Foundation, Inc.
This is free software; see the source for copying conditions.  There is NO
warranty; not even for MERCHANTABILITY or FITNESS FOR A PARTICULAR PURPOSE.

configure:3006: $? = 0
configure:2995: g++ -v >&5
Using built-in specs.
COLLECT_GCC=g++
COLLECT_LTO_WRAPPER=/usr/lib/gcc/x86_64-linux-gnu/4.6/lto-wrapper
Target: x86_64-linux-gnu
Configured with: ../src/configure -v --with-pkgversion='Ubuntu/Linaro 4.6.3-1ubuntu5' --with-bugurl=file:///usr/share/doc/gcc-4.6/README.Bugs --enable-languages=c,c++,fortran,objc,obj-c++ --prefix=/usr --program-suffix=-4.6 --enable-shared --enable-linker-build-id --with-system-zlib --libexecdir=/usr/lib --without-included-gettext --enable-threads=posix --with-gxx-include-dir=/usr/include/c++/4.6 --libdir=/usr/lib --enable-nls --with-sysroot=/ --enable-clocale=gnu --enable-libstdcxx-debug --enable-libstdcxx-time=yes --enable-gnu-unique-object --enable-plugin --enable-objc-gc --disable-werror --with-arch-32=i686 --with-tune=generic --enable-checking=release --build=x86_64-linux-gnu --host=x86_64-linux-gnu --target=x86_64-linux-gnu
Thread model: posix
gcc version 4.6.3 (Ubuntu/Linaro 4.6.3-1ubuntu5) 
configure:3006: $? = 0
configure:2995: g++ -V >&5
g++: error: unrecognized option '-V'
g++: fatal error: no input files
compilation terminated.
configure:3006: $? = 4
configure:2995: g++ -qversion >&5
g++: error: unrecognized option '-qversion'
g++: fatal error: no input files
compilation terminated.
configure:3006: $? = 4
configure:3026: checking whether the C++ compiler works
configure:3048: g++    conftest.cpp  >&5
configure:3052: $? = 0
configure:3100: result: yes
configure:3103: checking for C++ compiler default output file name
configure:3105: result: a.out
configure:3111: checking for suffix of executables
configure:3118: g++ -o conftest    conftest.cpp  >&5
configure:3122: $? = 0
configure:3144: result: 
configure:3166: checking whether we are cross compiling
configure:3174: g++ -o conftest    conftest.cpp  >&5
configure:3178: $? = 0
configure:3185: ./conftest
configure:3189: $? = 0
configure:3204: result: no
configure:3209: checking for suffix of object files
configure:3231: g++ -c   conftest.cpp >&5
configure:3235: $? = 0
configure:3256: result: o
configure:3260: checking whether we are using the GNU C++ compiler
configure:3279: g++ -c   conftest.cpp >&5
configure:3279: $? = 0
configure:3288: result: yes
configure:3297: checking whether g++ accepts -g
configure:3317: g++ -c -g  conftest.cpp >&5
configure:3317: $? = 0
configure:3358: result: yes
configure:3392: checking for style of include used by make
configure:3420: result: GNU
configure:3446: checking dependency style of g++
configure:3557: result: gcc3
configure:3620: checking for gcc
configure:3636: found /usr/bin/gcc
configure:3647: result: gcc
configure:3876: checking for C compiler version
configure:3885: gcc --version >&5
gcc (Ubuntu/Linaro 4.6.3-1ubuntu5) 4.6.3
Copyright (C) 2011 Free Software Foundation, Inc.
This is free software; see the source for copying conditions.  There is NO
warranty; not even for MERCHANTABILITY or FITNESS FOR A PARTICULAR PURPOSE.

configure:3896: $? = 0
configure:3885: gcc -v >&5
Using built-in specs.
COLLECT_GCC=gcc
COLLECT_LTO_WRAPPER=/usr/lib/gcc/x86_64-linux-gnu/4.6/lto-wrapper
Target: x86_64-linux-gnu
Configured with: ../src/configure -v --with-pkgversion='Ubuntu/Linaro 4.6.3-1ubuntu5' --with-bugurl=file:///usr/share/doc/gcc-4.6/README.Bugs --enable-languages=c,c++,fortran,objc,obj-c++ --prefix=/usr --program-suffix=-4.6 --enable-shared --enable-linker-build-id --with-system-zlib --libexecdir=/usr/lib --without-included-gettext --enable-threads=posix --with-gxx-include-dir=/usr/include/c++/4.6 --libdir=/usr/lib --enable-nls --with-sysroot=/ --enable-clocale=gnu --enable-libstdcxx-debug --enable-libstdcxx-time=yes --enable-gnu-unique-object --enable-plugin --enable-objc-gc --disable-werror --with-arch-32=i686 --with-tune=generic --enable-checking=release --build=x86_64-linux-gnu --host=x86_64-linux-gnu --target=x86_64-linux-gnu
Thread model: posix
gcc version 4.6.3 (Ubuntu/Linaro 4.6.3-1ubuntu5) 
configure:3896: $? = 0
configure:3885: gcc -V >&5
gcc: error: unrecognized option '-V'
gcc: fatal error: no input files
compilation terminated.
configure:3896: $? = 4
configure:3885: gcc -qversion >&5
gcc: error: unrecognized option '-qversion'
gcc: fatal error: no input files
compilation terminated.
configure:3896: $? = 4
configure:3900: checking whether we are using the GNU C compiler
configure:3919: gcc -c   conftest.c >&5
configure:3919: $? = 0
configure:3928: result: yes
configure:3937: checking whether gcc accepts -g
configure:3957: gcc -c -g  conftest.c >&5
configure:3957: $? = 0
configure:3998: result: yes
configure:4015: checking for gcc option to accept ISO C89
configure:4079: gcc  -c -g -O2  conftest.c >&5
configure:4079: $? = 0
configure:4092: result: none needed
configure:4114: checking dependency style of gcc
configure:4225: result: gcc3
configure:4272: checking build system type
configure:4286: result: x86_64-unknown-linux-gnu
configure:4306: checking host system type
configure:4319: result: x86_64-unknown-linux-gnu
configure:4360: checking how to print strings
configure:4387: result: printf
configure:4408: checking for a sed that does not truncate output
configure:4472: result: /bin/sed
configure:4490: checking for grep that handles long lines and -e
configure:4548: result: /bin/grep
configure:4553: checking for egrep
configure:4615: result: /bin/grep -E
configure:4620: checking for fgrep
configure:4682: result: /bin/grep -F
configure:4717: checking for ld used by gcc
configure:4784: result: /usr/bin/ld
configure:4791: checking if the linker (/usr/bin/ld) is GNU ld
configure:4806: result: yes
configure:4818: checking for BSD- or MS-compatible name lister (nm)
configure:4867: result: /usr/bin/nm -B
configure:4997: checking the name lister (/usr/bin/nm -B) interface
configure:5004: gcc -c -g -O2  conftest.c >&5
configure:5007: /usr/bin/nm -B "conftest.o"
configure:5010: output
0000000000000000 B some_variable
configure:5017: result: BSD nm
configure:5020: checking whether ln -s works
configure:5024: result: yes
configure:5032: checking the maximum length of command line arguments
configure:5162: result: 1572864
configure:5179: checking whether the shell understands some XSI constructs
configure:5189: result: yes
configure:5193: checking whether the shell understands "+="
configure:5199: result: yes
configure:5234: checking how to convert x86_64-unknown-linux-gnu file names to x86_64-unknown-linux-gnu format
configure:5274: result: func_convert_file_noop
configure:5281: checking how to convert x86_64-unknown-linux-gnu file names to toolchain format
configure:5301: result: func_convert_file_noop
configure:5308: checking for /usr/bin/ld option to reload object files
configure:5315: result: -r
configure:5389: checking for objdump
configure:5405: found /usr/bin/objdump
configure:5416: result: objdump
configure:5448: checking how to recognize dependent libraries
configure:5650: result: pass_all
configure:5735: checking for dlltool
configure:5765: result: no
configure:5795: checking how to associate runtime and link libraries
configure:5822: result: printf %s\n
configure:5883: checking for ar
configure:5899: found /usr/bin/ar
configure:5910: result: ar
configure:5947: checking for archiver @FILE support
configure:5964: gcc -c -g -O2  conftest.c >&5
configure:5964: $? = 0
configure:5967: ar cru libconftest.a @conftest.lst >&5
configure:5970: $? = 0
configure:5975: ar cru libconftest.a @conftest.lst >&5
ar: conftest.o: No such file or directory
configure:5978: $? = 1
configure:5990: result: @
configure:6048: checking for strip
configure:6064: found /usr/bin/strip
configure:6075: result: strip
configure:6147: checking for ranlib
configure:6163: found /usr/bin/ranlib
configure:6174: result: ranlib
configure:6276: checking command to parse /usr/bin/nm -B output from gcc object
configure:6396: gcc -c -g -O2  conftest.c >&5
configure:6399: $? = 0
configure:6403: /usr/bin/nm -B conftest.o \| sed -n -e 's/^.*[ ]\([ABCDGIRSTW][ABCDGIRSTW]*\)[ ][ ]*\([_A-Za-z][_A-Za-z0-9]*\)$/\1 \2 \2/p' | sed '/ __gnu_lto/d' \> conftest.nm
configure:6406: $? = 0
configure:6472: gcc -o conftest -g -O2   conftest.c conftstm.o >&5
configure:6475: $? = 0
configure:6513: result: ok
configure:6550: checking for sysroot
configure:6580: result: no
configure:6657: gcc -c -g -O2  conftest.c >&5
configure:6660: $? = 0
configure:6836: checking for mt
configure:6852: found /bin/mt
configure:6863: result: mt
configure:6886: checking if mt is a manifest tool
configure:6892: mt '-?'
configure:6900: result: no
configure:7542: checking how to run the C preprocessor
configure:7573: gcc -E  conftest.c
configure:7573: $? = 0
configure:7587: gcc -E  conftest.c
conftest.c:11:28: fatal error: ac_nonexistent.h: No such file or directory
compilation terminated.
configure:7587: $? = 1
configure: failed program was:
| /* confdefs.h */
| #define PACKAGE_NAME ""
| #define PACKAGE_TARNAME ""
| #define PACKAGE_VERSION ""
| #define PACKAGE_STRING ""
| #define PACKAGE_BUGREPORT ""
| #define PACKAGE_URL ""
| #define PACKAGE "mmseg"
| #define VERSION "0.7"
| /* end confdefs.h.  */
| #include <ac_nonexistent.h>
configure:7612: result: gcc -E
configure:7632: gcc -E  conftest.c
configure:7632: $? = 0
configure:7646: gcc -E  conftest.c
conftest.c:11:28: fatal error: ac_nonexistent.h: No such file or directory
compilation terminated.
configure:7646: $? = 1
configure: failed program was:
| /* confdefs.h */
| #define PACKAGE_NAME ""
| #define PACKAGE_TARNAME ""
| #define PACKAGE_VERSION ""
| #define PACKAGE_STRING ""
| #define PACKAGE_BUGREPORT ""
| #define PACKAGE_URL ""
| #define PACKAGE "mmseg"
| #define VERSION "0.7"
| /* end confdefs.h.  */
| #include <ac_nonexistent.h>
configure:7675: checking for ANSI C header files
configure:7695: gcc -c -g -O2  conftest.c >&5
configure:7695: $? = 0
configure:7768: gcc -o conftest -g -O2   conftest.c  >&5
configure:7768: $? = 0
configure:7768: ./conftest
configure:7768: $? = 0
configure:7779: result: yes
configure:7792: checking for sys/types.h
configure:7792: gcc -c -g -O2  conftest.c >&5
configure:7792: $? = 0
configure:7792: result: yes
configure:7792: checking for sys/stat.h
configure:7792: gcc -c -g -O2  conftest.c >&5
configure:7792: $? = 0
configure:7792: result: yes
configure:7792: checking for stdlib.h
configure:7792: gcc -c -g -O2  conftest.c >&5
configure:7792: $? = 0
configure:7792: result: yes
configure:7792: checking for string.h
configure:7792: gcc -c -g -O2  conftest.c >&5
configure:7792: $? = 0
configure:7792: result: yes
configure:7792: checking for memory.h
configure:7792: gcc -c -g -O2  conftest.c >&5
configure:7792: $? = 0
configure:7792: result: yes
configure:7792: checking for strings.h
configure:7792: gcc -c -g -O2  conftest.c >&5
configure:7792: $? = 0
configure:7792: result: yes
configure:7792: checking for inttypes.h
configure:7792: gcc -c -g -O2  conftest.c >&5
configure:7792: $? = 0
configure:7792: result: yes
configure:7792: checking for stdint.h
configure:7792: gcc -c -g -O2  conftest.c >&5
configure:7792: $? = 0
configure:7792: result: yes
configure:7792: checking for unistd.h
configure:7792: gcc -c -g -O2  conftest.c >&5
configure:7792: $? = 0
configure:7792: result: yes
configure:7806: checking for dlfcn.h
configure:7806: gcc -c -g -O2  conftest.c >&5
configure:7806: $? = 0
configure:7806: result: yes
configure:8023: checking for objdir
configure:8038: result: .libs
configure:8305: checking if gcc supports -fno-rtti -fno-exceptions
configure:8323: gcc -c -g -O2  -fno-rtti -fno-exceptions conftest.c >&5
cc1: warning: command line option '-fno-rtti' is valid for C++/ObjC++ but not for C [enabled by default]
configure:8327: $? = 0
configure:8340: result: no
configure:8667: checking for gcc option to produce PIC
configure:8674: result: -fPIC -DPIC
configure:8682: checking if gcc PIC flag -fPIC -DPIC works
configure:8700: gcc -c -g -O2  -fPIC -DPIC -DPIC conftest.c >&5
configure:8704: $? = 0
configure:8717: result: yes
configure:8746: checking if gcc static flag -static works
configure:8774: result: yes
configure:8789: checking if gcc supports -c -o file.o
configure:8810: gcc -c -g -O2  -o out/conftest2.o conftest.c >&5
configure:8814: $? = 0
configure:8836: result: yes
configure:8844: checking if gcc supports -c -o file.o
configure:8891: result: yes
configure:8924: checking whether the gcc linker (/usr/bin/ld -m elf_x86_64) supports shared libraries
configure:10081: result: yes
configure:10118: checking whether -lc should be explicitly linked in
configure:10126: gcc -c -g -O2  conftest.c >&5
configure:10129: $? = 0
configure:10144: gcc -shared  -fPIC -DPIC conftest.o  -v -Wl,-soname -Wl,conftest -o conftest 2\>\&1 \| /bin/grep  -lc  \>/dev/null 2\>\&1
configure:10147: $? = 0
configure:10161: result: no
configure:10321: checking dynamic linker characteristics
configure:10832: gcc -o conftest -g -O2   -Wl,-rpath -Wl,/foo conftest.c  >&5
configure:10832: $? = 0
configure:11066: result: GNU/Linux ld.so
configure:11173: checking how to hardcode library paths into programs
configure:11198: result: immediate
configure:11738: checking whether stripping libraries is possible
configure:11743: result: yes
configure:11778: checking if libtool supports shared libraries
configure:11780: result: yes
configure:11783: checking whether to build shared libraries
configure:11804: result: yes
configure:11807: checking whether to build static libraries
configure:11811: result: yes
configure:11834: checking how to run the C++ preprocessor
configure:11861: g++ -E  conftest.cpp
configure:11861: $? = 0
configure:11875: g++ -E  conftest.cpp
conftest.cpp:23:28: fatal error: ac_nonexistent.h: No such file or directory
compilation terminated.
configure:11875: $? = 1
configure: failed program was:
| /* confdefs.h */
| #define PACKAGE_NAME ""
| #define PACKAGE_TARNAME ""
| #define PACKAGE_VERSION ""
| #define PACKAGE_STRING ""
| #define PACKAGE_BUGREPORT ""
| #define PACKAGE_URL ""
| #define PACKAGE "mmseg"
| #define VERSION "0.7"
| #define STDC_HEADERS 1
| #define HAVE_SYS_TYPES_H 1
| #define HAVE_SYS_STAT_H 1
| #define HAVE_STDLIB_H 1
| #define HAVE_STRING_H 1
| #define HAVE_MEMORY_H 1
| #define HAVE_STRINGS_H 1
| #define HAVE_INTTYPES_H 1
| #define HAVE_STDINT_H 1
| #define HAVE_UNISTD_H 1
| #define HAVE_DLFCN_H 1
| #define LT_OBJDIR ".libs/"
| /* end confdefs.h.  */
| #include <ac_nonexistent.h>
configure:11900: result: g++ -E
configure:11920: g++ -E  conftest.cpp
configure:11920: $? = 0
configure:11934: g++ -E  conftest.cpp
conftest.cpp:23:28: fatal error: ac_nonexistent.h: No such file or directory
compilation terminated.
configure:11934: $? = 1
configure: failed program was:
| /* confdefs.h */
| #define PACKAGE_NAME ""
| #define PACKAGE_TARNAME ""
| #define PACKAGE_VERSION ""
| #define PACKAGE_STRING ""
| #define PACKAGE_BUGREPORT ""
| #define PACKAGE_URL ""
| #define PACKAGE "mmseg"
| #define VERSION "0.7"
| #define STDC_HEADERS 1
| #define HAVE_SYS_TYPES_H 1
| #define HAVE_SYS_STAT_H 1
| #define HAVE_STDLIB_H 1
| #define HAVE_STRING_H 1
| #define HAVE_MEMORY_H 1
| #define HAVE_STRINGS_H 1
| #define HAVE_INTTYPES_H 1
| #define HAVE_STDINT_H 1
| #define HAVE_UNISTD_H 1
| #define HAVE_DLFCN_H 1
| #define LT_OBJDIR ".libs/"
| /* end confdefs.h.  */
| #include <ac_nonexistent.h>
configure:12103: checking for ld used by g++
configure:12170: result: /usr/bin/ld -m elf_x86_64
configure:12177: checking if the linker (/usr/bin/ld -m elf_x86_64) is GNU ld
configure:12192: result: yes
configure:12247: checking whether the g++ linker (/usr/bin/ld -m elf_x86_64) supports shared libraries
configure:13252: result: yes
configure:13288: g++ -c -g -O2  conftest.cpp >&5
configure:13291: $? = 0
configure:13811: checking for g++ option to produce PIC
configure:13818: result: -fPIC -DPIC
configure:13826: checking if g++ PIC flag -fPIC -DPIC works
configure:13844: g++ -c -g -O2  -fPIC -DPIC -DPIC conftest.cpp >&5
configure:13848: $? = 0
configure:13861: result: yes
configure:13884: checking if g++ static flag -static works
configure:13912: result: yes
configure:13924: checking if g++ supports -c -o file.o
configure:13945: g++ -c -g -O2  -o out/conftest2.o conftest.cpp >&5
configure:13949: $? = 0
configure:13971: result: yes
configure:13976: checking if g++ supports -c -o file.o
configure:14023: result: yes
configure:14053: checking whether the g++ linker (/usr/bin/ld -m elf_x86_64) supports shared libraries
configure:14092: result: yes
configure:14233: checking dynamic linker characteristics
configure:14912: result: GNU/Linux ld.so
configure:14965: checking how to hardcode library paths into programs
configure:14990: result: immediate
configure:15052: checking for ANSI C header files
configure:15156: result: yes
configure:15164: checking for sys/wait.h that is POSIX.1 compatible
configure:15190: gcc -c -g -O2  conftest.c >&5
configure:15190: $? = 0
configure:15197: result: yes
configure:15208: checking for stdlib.h
configure:15208: result: yes
configure:15208: checking for unistd.h
configure:15208: result: yes
configure:15208: checking errno.h usability
configure:15208: gcc -c -g -O2  conftest.c >&5
configure:15208: $? = 0
configure:15208: result: yes
configure:15208: checking errno.h presence
configure:15208: gcc -E  conftest.c
configure:15208: $? = 0
configure:15208: result: yes
configure:15208: checking for errno.h
configure:15208: result: yes
configure:15208: checking assert.h usability
configure:15208: gcc -c -g -O2  conftest.c >&5
configure:15208: $? = 0
configure:15208: result: yes
configure:15208: checking assert.h presence
configure:15208: gcc -E  conftest.c
configure:15208: $? = 0
configure:15208: result: yes
configure:15208: checking for assert.h
configure:15208: result: yes
configure:15221: checking for string.h
configure:15221: result: yes
configure:15271: checking stdarg.h usability
configure:15271: gcc -c -g -O2  conftest.c >&5
configure:15271: $? = 0
configure:15271: result: yes
configure:15271: checking stdarg.h presence
configure:15271: gcc -E  conftest.c
configure:15271: $? = 0
configure:15271: result: yes
configure:15271: checking for stdarg.h
configure:15271: result: yes
configure:15291: checking for an ANSI C-conforming const
configure:15356: gcc -c -g -O2  conftest.c >&5
configure:15356: $? = 0
configure:15363: result: yes
configure:15371: checking for pid_t
configure:15371: gcc -c -g -O2  conftest.c >&5
configure:15371: $? = 0
configure:15371: gcc -c -g -O2  conftest.c >&5
conftest.c: In function 'main':
conftest.c:67:20: error: expected expression before ')' token
configure:15371: $? = 1
configure: failed program was:
| /* confdefs.h */
| #define PACKAGE_NAME ""
| #define PACKAGE_TARNAME ""
| #define PACKAGE_VERSION ""
| #define PACKAGE_STRING ""
| #define PACKAGE_BUGREPORT ""
| #define PACKAGE_URL ""
| #define PACKAGE "mmseg"
| #define VERSION "0.7"
| #define STDC_HEADERS 1
| #define HAVE_SYS_TYPES_H 1
| #define HAVE_SYS_STAT_H 1
| #define HAVE_STDLIB_H 1
| #define HAVE_STRING_H 1
| #define HAVE_MEMORY_H 1
| #define HAVE_STRINGS_H 1
| #define HAVE_INTTYPES_H 1
| #define HAVE_STDINT_H 1
| #define HAVE_UNISTD_H 1
| #define HAVE_DLFCN_H 1
| #define LT_OBJDIR ".libs/"
| #define STDC_HEADERS 1
| #define HAVE_SYS_WAIT_H 1
| #define HAVE_STDLIB_H 1
| #define HAVE_UNISTD_H 1
| #define HAVE_ERRNO_H 1
| #define HAVE_ASSERT_H 1
| #define HAVE_STRING_H 1
| #define HAVE_STDARG_H 1
| /* end confdefs.h.  */
| #include <stdio.h>
| #ifdef HAVE_SYS_TYPES_H
| # include <sys/types.h>
| #endif
| #ifdef HAVE_SYS_STAT_H
| # include <sys/stat.h>
| #endif
| #ifdef STDC_HEADERS
| # include <stdlib.h>
| # include <stddef.h>
| #else
| # ifdef HAVE_STDLIB_H
| #  include <stdlib.h>
| # endif
| #endif
| #ifdef HAVE_STRING_H
| # if !defined STDC_HEADERS && defined HAVE_MEMORY_H
| #  include <memory.h>
| # endif
| # include <string.h>
| #endif
| #ifdef HAVE_STRINGS_H
| # include <strings.h>
| #endif
| #ifdef HAVE_INTTYPES_H
| # include <inttypes.h>
| #endif
| #ifdef HAVE_STDINT_H
| # include <stdint.h>
| #endif
| #ifdef HAVE_UNISTD_H
| # include <unistd.h>
| #endif
| int
| main ()
| {
| if (sizeof ((pid_t)))
| 	    return 0;
|   ;
|   return 0;
| }
configure:15371: result: yes
configure:15382: checking for size_t
configure:15382: gcc -c -g -O2  conftest.c >&5
configure:15382: $? = 0
configure:15382: gcc -c -g -O2  conftest.c >&5
conftest.c: In function 'main':
conftest.c:67:21: error: expected expression before ')' token
configure:15382: $? = 1
configure: failed program was:
| /* confdefs.h */
| #define PACKAGE_NAME ""
| #define PACKAGE_TARNAME ""
| #define PACKAGE_VERSION ""
| #define PACKAGE_STRING ""
| #define PACKAGE_BUGREPORT ""
| #define PACKAGE_URL ""
| #define PACKAGE "mmseg"
| #define VERSION "0.7"
| #define STDC_HEADERS 1
| #define HAVE_SYS_TYPES_H 1
| #define HAVE_SYS_STAT_H 1
| #define HAVE_STDLIB_H 1
| #define HAVE_STRING_H 1
| #define HAVE_MEMORY_H 1
| #define HAVE_STRINGS_H 1
| #define HAVE_INTTYPES_H 1
| #define HAVE_STDINT_H 1
| #define HAVE_UNISTD_H 1
| #define HAVE_DLFCN_H 1
| #define LT_OBJDIR ".libs/"
| #define STDC_HEADERS 1
| #define HAVE_SYS_WAIT_H 1
| #define HAVE_STDLIB_H 1
| #define HAVE_UNISTD_H 1
| #define HAVE_ERRNO_H 1
| #define HAVE_ASSERT_H 1
| #define HAVE_STRING_H 1
| #define HAVE_STDARG_H 1
| /* end confdefs.h.  */
| #include <stdio.h>
| #ifdef HAVE_SYS_TYPES_H
| # include <sys/types.h>
| #endif
| #ifdef HAVE_SYS_STAT_H
| # include <sys/stat.h>
| #endif
| #ifdef STDC_HEADERS
| # include <stdlib.h>
| # include <stddef.h>
| #else
| # ifdef HAVE_STDLIB_H
| #  include <stdlib.h>
| # endif
| #endif
| #ifdef HAVE_STRING_H
| # if !defined STDC_HEADERS && defined HAVE_MEMORY_H
| #  include <memory.h>
| # endif
| # include <string.h>
| #endif
| #ifdef HAVE_STRINGS_H
| # include <strings.h>
| #endif
| #ifdef HAVE_INTTYPES_H
| # include <inttypes.h>
| #endif
| #ifdef HAVE_STDINT_H
| # include <stdint.h>
| #endif
| #ifdef HAVE_UNISTD_H
| # include <unistd.h>
| #endif
| int
| main ()
| {
| if (sizeof ((size_t)))
| 	    return 0;
|   ;
|   return 0;
| }
configure:15382: result: yes
configure:15461: checking for sys_errlist
configure:15477: gcc -o conftest -g -O2   conftest.c  >&5
configure:15477: $? = 0
configure:15485: result: yes
configure:15492: checking for sys_siglist
configure:15508: gcc -o conftest -g -O2   conftest.c  >&5
configure:15508: $? = 0
configure:15516: result: yes
configure:15527: checking for bzero
configure:15527: gcc -o conftest -g -O2   conftest.c  >&5
conftest.c:56:6: warning: conflicting types for built-in function 'bzero' [enabled by default]
configure:15527: $? = 0
configure:15527: result: yes
configure:15539: checking for calloc
configure:15539: gcc -o conftest -g -O2   conftest.c  >&5
conftest.c:57:6: warning: conflicting types for built-in function 'calloc' [enabled by default]
configure:15539: $? = 0
configure:15539: result: yes
configure:15539: checking for strchr
configure:15539: gcc -o conftest -g -O2   conftest.c  >&5
conftest.c:58:6: warning: conflicting types for built-in function 'strchr' [enabled by default]
configure:15539: $? = 0
configure:15539: result: yes
configure:15539: checking for strrchr
configure:15539: gcc -o conftest -g -O2   conftest.c  >&5
conftest.c:59:6: warning: conflicting types for built-in function 'strrchr' [enabled by default]
configure:15539: $? = 0
configure:15539: result: yes
configure:15548: checking for basename
configure:15548: gcc -o conftest -g -O2   conftest.c  >&5
configure:15548: $? = 0
configure:15548: result: yes
configure:15561: checking for strspn
configure:15561: gcc -o conftest -g -O2   conftest.c  >&5
conftest.c:61:6: warning: conflicting types for built-in function 'strspn' [enabled by default]
configure:15561: $? = 0
configure:15561: result: yes
configure:15574: checking for strcspn
configure:15574: gcc -o conftest -g -O2   conftest.c  >&5
conftest.c:62:6: warning: conflicting types for built-in function 'strcspn' [enabled by default]
configure:15574: $? = 0
configure:15574: result: yes
configure:15587: checking for strerror
configure:15587: gcc -o conftest -g -O2   conftest.c  >&5
configure:15587: $? = 0
configure:15587: result: yes
configure:15600: checking for strsignal
configure:15600: gcc -o conftest -g -O2   conftest.c  >&5
configure:15600: $? = 0
configure:15600: result: yes
configure:15613: checking for vfprintf
configure:15613: gcc -o conftest -g -O2   conftest.c  >&5
conftest.c:65:6: warning: conflicting types for built-in function 'vfprintf' [enabled by default]
configure:15613: $? = 0
configure:15613: result: yes
configure:15626: checking for waitpid
configure:15626: gcc -o conftest -g -O2   conftest.c  >&5
configure:15626: $? = 0
configure:15626: result: yes
configure:15806: creating ./config.status

## ---------------------- ##
## Running config.status. ##
## ---------------------- ##

This file was extended by config.status, which was
generated by GNU Autoconf 2.68.  Invocation command line was

  CONFIG_FILES    = 
  CONFIG_HEADERS  = 
  CONFIG_LINKS    = 
  CONFIG_COMMANDS = 
  $ ./config.status 

on data-center

config.status:1203: creating Makefile
config.status:1203: creating src/Makefile
config.status:1203: creating config.h
config.status:1384: config.h is unchanged
config.status:1432: executing depfiles commands
config.status:1432: executing libtool commands
config.status:1432: executing default-1 commands
config.status:1432: executing default commands

## ---------------- ##
## Cache variables. ##
## ---------------- ##

ac_cv_build=x86_64-unknown-linux-gnu
ac_cv_c_compiler_gnu=yes
ac_cv_c_const=yes
ac_cv_cxx_compiler_gnu=yes
ac_cv_env_CCC_set=
ac_cv_env_CCC_value=
ac_cv_env_CC_set=
ac_cv_env_CC_value=
ac_cv_env_CFLAGS_set=
ac_cv_env_CFLAGS_value=
ac_cv_env_CPPFLAGS_set=
ac_cv_env_CPPFLAGS_value=
ac_cv_env_CPP_set=
ac_cv_env_CPP_value=
ac_cv_env_CXXCPP_set=
ac_cv_env_CXXCPP_value=
ac_cv_env_CXXFLAGS_set=
ac_cv_env_CXXFLAGS_value=
ac_cv_env_CXX_set=
ac_cv_env_CXX_value=
ac_cv_env_LDFLAGS_set=
ac_cv_env_LDFLAGS_value=
ac_cv_env_LIBS_set=
ac_cv_env_LIBS_value=
ac_cv_env_build_alias_set=
ac_cv_env_build_alias_value=
ac_cv_env_host_alias_set=
ac_cv_env_host_alias_value=
ac_cv_env_target_alias_set=
ac_cv_env_target_alias_value=
ac_cv_func_basename=yes
ac_cv_func_bzero=yes
ac_cv_func_calloc=yes
ac_cv_func_strchr=yes
ac_cv_func_strcspn=yes
ac_cv_func_strerror=yes
ac_cv_func_strrchr=yes
ac_cv_func_strsignal=yes
ac_cv_func_strspn=yes
ac_cv_func_vfprintf=yes
ac_cv_func_waitpid=yes
ac_cv_header_assert_h=yes
ac_cv_header_dlfcn_h=yes
ac_cv_header_errno_h=yes
ac_cv_header_inttypes_h=yes
ac_cv_header_memory_h=yes
ac_cv_header_stdarg_h=yes
ac_cv_header_stdc=yes
ac_cv_header_stdint_h=yes
ac_cv_header_stdlib_h=yes
ac_cv_header_string_h=yes
ac_cv_header_strings_h=yes
ac_cv_header_sys_stat_h=yes
ac_cv_header_sys_types_h=yes
ac_cv_header_sys_wait_h=yes
ac_cv_header_unistd_h=yes
ac_cv_host=x86_64-unknown-linux-gnu
ac_cv_objext=o
ac_cv_path_EGREP='/bin/grep -E'
ac_cv_path_FGREP='/bin/grep -F'
ac_cv_path_GREP=/bin/grep
ac_cv_path_SED=/bin/sed
ac_cv_path_install='/usr/bin/install -c'
ac_cv_path_mkdir=/bin/mkdir
ac_cv_prog_AWK=gawk
ac_cv_prog_CPP='gcc -E'
ac_cv_prog_CXXCPP='g++ -E'
ac_cv_prog_ac_ct_AR=ar
ac_cv_prog_ac_ct_CC=gcc
ac_cv_prog_ac_ct_CXX=g++
ac_cv_prog_ac_ct_MANIFEST_TOOL=mt
ac_cv_prog_ac_ct_OBJDUMP=objdump
ac_cv_prog_ac_ct_RANLIB=ranlib
ac_cv_prog_ac_ct_STRIP=strip
ac_cv_prog_cc_c89=
ac_cv_prog_cc_g=yes
ac_cv_prog_cxx_g=yes
ac_cv_prog_make_make_set=yes
ac_cv_type_pid_t=yes
ac_cv_type_size_t=yes
am_cv_CC_dependencies_compiler_type=gcc3
am_cv_CXX_dependencies_compiler_type=gcc3
am_cv_prog_cc_stdc=
lt_cv_ar_at_file=@
lt_cv_archive_cmds_need_lc=no
lt_cv_deplibs_check_method=pass_all
lt_cv_file_magic_cmd='$MAGIC_CMD'
lt_cv_file_magic_test_file=
lt_cv_ld_reload_flag=-r
lt_cv_nm_interface='BSD nm'
lt_cv_objdir=.libs
lt_cv_path_LD=/usr/bin/ld
lt_cv_path_LDCXX='/usr/bin/ld -m elf_x86_64'
lt_cv_path_NM='/usr/bin/nm -B'
lt_cv_path_mainfest_tool=no
lt_cv_prog_compiler_c_o=yes
lt_cv_prog_compiler_c_o_CXX=yes
lt_cv_prog_compiler_pic='-fPIC -DPIC'
lt_cv_prog_compiler_pic_CXX='-fPIC -DPIC'
lt_cv_prog_compiler_pic_works=yes
lt_cv_prog_compiler_pic_works_CXX=yes
lt_cv_prog_compiler_rtti_exceptions=no
lt_cv_prog_compiler_static_works=yes
lt_cv_prog_compiler_static_works_CXX=yes
lt_cv_prog_gnu_ld=yes
lt_cv_prog_gnu_ldcxx=yes
lt_cv_sharedlib_from_linklib_cmd='printf %s\n'
lt_cv_shlibpath_overrides_runpath=no
lt_cv_sys_global_symbol_pipe='sed -n -e '\''s/^.*[	 ]\([ABCDGIRSTW][ABCDGIRSTW]*\)[	 ][	 ]*\([_A-Za-z][_A-Za-z0-9]*\)$/\1 \2 \2/p'\'' | sed '\''/ __gnu_lto/d'\'''
lt_cv_sys_global_symbol_to_c_name_address='sed -n -e '\''s/^: \([^ ]*\)[ ]*$/  {\"\1\", (void *) 0},/p'\'' -e '\''s/^[ABCDGIRSTW]* \([^ ]*\) \([^ ]*\)$/  {"\2", (void *) \&\2},/p'\'''
lt_cv_sys_global_symbol_to_c_name_address_lib_prefix='sed -n -e '\''s/^: \([^ ]*\)[ ]*$/  {\"\1\", (void *) 0},/p'\'' -e '\''s/^[ABCDGIRSTW]* \([^ ]*\) \(lib[^ ]*\)$/  {"\2", (void *) \&\2},/p'\'' -e '\''s/^[ABCDGIRSTW]* \([^ ]*\) \([^ ]*\)$/  {"lib\2", (void *) \&\2},/p'\'''
lt_cv_sys_global_symbol_to_cdecl='sed -n -e '\''s/^T .* \(.*\)$/extern int \1();/p'\'' -e '\''s/^[ABCDGIRSTW]* .* \(.*\)$/extern char \1;/p'\'''
lt_cv_sys_max_cmd_len=1572864
lt_cv_to_host_file_cmd=func_convert_file_noop
lt_cv_to_tool_file_cmd=func_convert_file_noop
sic_cv_var_sys_errlist=yes
sic_cv_var_sys_siglist=yes

## ----------------- ##
## Output variables. ##
## ----------------- ##

ACLOCAL='aclocal-1.11'
AMDEPBACKSLASH='\'
AMDEP_FALSE='#'
AMDEP_TRUE=''
AMTAR='$${TAR-tar}'
AR='ar'
AUTOCONF='autoconf'
AUTOHEADER='autoheader'
AUTOMAKE='automake-1.11'
AWK='gawk'
CC='gcc'
CCDEPMODE='depmode=gcc3'
CFLAGS='-g -O2'
CPP='gcc -E'
CPPFLAGS=''
CXX='g++'
CXXCPP='g++ -E'
CXXDEPMODE='depmode=gcc3'
CXXFLAGS='-g -O2'
CYGPATH_W='echo'
DEFS='-DHAVE_CONFIG_H'
DEPDIR='.deps'
DLLTOOL='false'
DSYMUTIL=''
DUMPBIN=''
ECHO_C=''
ECHO_N='-n'
ECHO_T=''
EGREP='/bin/grep -E'
EXEEXT=''
FGREP='/bin/grep -F'
GREP='/bin/grep'
INSTALL_DATA='${INSTALL} -m 644'
INSTALL_PROGRAM='${INSTALL}'
INSTALL_SCRIPT='${INSTALL}'
INSTALL_STRIP_PROGRAM='$(install_sh) -c -s'
LD='/usr/bin/ld -m elf_x86_64'
LDFLAGS=''
LIBOBJS=' ${LIBOBJDIR}$U.o'
LIBS=''
LIBTOOL='$(SHELL) $(top_builddir)/libtool'
LIPO=''
LN_S='ln -s'
LTLIBOBJS=' ${LIBOBJDIR}$U.lo'
MAKEINFO='makeinfo'
MANIFEST_TOOL=':'
MKDIR_P='/bin/mkdir -p'
NM='/usr/bin/nm -B'
NMEDIT=''
OBJDUMP='objdump'
OBJEXT='o'
OTOOL64=''
OTOOL=''
PACKAGE='mmseg'
PACKAGE_BUGREPORT=''
PACKAGE_NAME=''
PACKAGE_STRING=''
PACKAGE_TARNAME=''
PACKAGE_URL=''
PACKAGE_VERSION=''
PATH_SEPARATOR=':'
RANLIB='ranlib'
SED='/bin/sed'
SET_MAKE=''
SHELL='/bin/bash'
STRIP='strip'
VERSION='0.7'
WITH_READLINE_FALSE=''
WITH_READLINE_TRUE='#'
ac_aux_dir='config'
ac_ct_AR='ar'
ac_ct_CC='gcc'
ac_ct_CXX='g++'
ac_ct_DUMPBIN=''
am__EXEEXT_FALSE=''
am__EXEEXT_TRUE='#'
am__fastdepCC_FALSE='#'
am__fastdepCC_TRUE=''
am__fastdepCXX_FALSE='#'
am__fastdepCXX_TRUE=''
am__include='include'
am__isrc=''
am__leading_dot='.'
am__nodep='_no'
am__quote=''
am__tar='$${TAR-tar} chof - "$$tardir"'
am__untar='$${TAR-tar} xf -'
bindir='${exec_prefix}/bin'
build='x86_64-unknown-linux-gnu'
build_alias=''
build_cpu='x86_64'
build_os='linux-gnu'
build_vendor='unknown'
datadir='${datarootdir}'
datarootdir='${prefix}/share'
docdir='${datarootdir}/doc/${PACKAGE}'
dvidir='${docdir}'
exec_prefix='${prefix}'
host='x86_64-unknown-linux-gnu'
host_alias=''
host_cpu='x86_64'
host_os='linux-gnu'
host_vendor='unknown'
htmldir='${docdir}'
includedir='${prefix}/include'
infodir='${datarootdir}/info'
install_sh='${SHELL} /home/coreseek/coreseek-4.1-beta/mmseg-3.2.14/config/install-sh'
libdir='${exec_prefix}/lib'
libexecdir='${exec_prefix}/libexec'
localedir='${datarootdir}/locale'
localstatedir='${prefix}/var'
mandir='${datarootdir}/man'
mkdir_p='/bin/mkdir -p'
oldincludedir='/usr/include'
pdfdir='${docdir}'
prefix='/usr/local/mmseg3'
program_transform_name='s,x,x,'
psdir='${docdir}'
sbindir='${exec_prefix}/sbin'
sharedstatedir='${prefix}/com'
sysconfdir='${prefix}/etc'
target_alias=''

## ----------- ##
## confdefs.h. ##
## ----------- ##

/* confdefs.h */
#define PACKAGE_NAME ""
#define PACKAGE_TARNAME ""
#define PACKAGE_VERSION ""
#define PACKAGE_STRING ""
#define PACKAGE_BUGREPORT ""
#define PACKAGE_URL ""
#define PACKAGE "mmseg"
#define VERSION "0.7"
#define STDC_HEADERS 1
#define HAVE_SYS_TYPES_H 1
#define HAVE_SYS_STAT_H 1
#define HAVE_STDLIB_H 1
#define HAVE_STRING_H 1
#define HAVE_MEMORY_H 1
#define HAVE_STRINGS_H 1
#define HAVE_INTTYPES_H 1
#define HAVE_STDINT_H 1
#define HAVE_UNISTD_H 1
#define HAVE_DLFCN_H 1
#define LT_OBJDIR ".libs/"
#define STDC_HEADERS 1
#define HAVE_SYS_WAIT_H 1
#define HAVE_STDLIB_H 1
#define HAVE_UNISTD_H 1
#define HAVE_ERRNO_H 1
#define HAVE_ASSERT_H 1
#define HAVE_STRING_H 1
#define HAVE_STDARG_H 1
#define HAVE_SYS_ERRLIST 1
#define HAVE_SYS_SIGLIST 1
#define HAVE_BZERO 1
#define HAVE_CALLOC 1
#define HAVE_STRCHR 1
#define HAVE_STRRCHR 1
#define HAVE_BASENAME 1
#define HAVE_STRSPN 1
#define HAVE_STRCSPN 1
#define HAVE_STRERROR 1
#define HAVE_STRSIGNAL 1
#define HAVE_VFPRINTF 1
#define HAVE_WAITPID 1

configure: exit 0
